#! /c/iverilog/bin/vvp
:ivl_version "0.9.7 " "(v0_9_7)";
:vpi_time_precision + 0;
:vpi_module "system";
:vpi_module "v2005_math";
:vpi_module "va_math";
S_02A42240 .scope module, "cpu_tb" "cpu_tb" 2 1;
 .timescale 0 0;
v02A8B108_0 .var "clk", 0 0;
v02A8B7E8_0 .var "reset", 0 0;
S_02A422C8 .scope module, "DUT" "cpu_top" 2 6, 3 1, S_02A42240;
 .timescale 0 0;
L_02A5A800 .functor AND 1, L_02A8B738, L_02A8B9A0, C4<1>, C4<1>;
v02A8A4C8_0 .net *"_s10", 2 0, C4<100>; 1 drivers
v02A8A3C0_0 .net *"_s12", 0 0, L_02A8B898; 1 drivers
v02A8A578_0 .net *"_s16", 1 0, C4<00>; 1 drivers
v02A8A628_0 .net *"_s18", 0 0, L_02A8B738; 1 drivers
v02A8A7E0_0 .net *"_s20", 2 0, C4<110>; 1 drivers
v02A8A470_0 .net *"_s22", 0 0, L_02A8B9A0; 1 drivers
v02A8A890_0 .net *"_s24", 0 0, L_02A5A800; 1 drivers
v02A8A8E8_0 .net *"_s26", 5 0, C4<000000>; 1 drivers
v02A8A5D0_0 .net *"_s29", 1 0, L_02A8B160; 1 drivers
v02A8A940_0 .net *"_s30", 7 0, L_02A8B790; 1 drivers
v02A8AF18_0 .net *"_s32", 7 0, C4<00000001>; 1 drivers
v02A8AF70_0 .net *"_s34", 7 0, L_02A8B4D0; 1 drivers
v02A8AE68_0 .net *"_s4", 0 0, C4<0>; 1 drivers
v02A8AB50_0 .net *"_s7", 1 0, L_02A8B580; 1 drivers
v02A8AE10_0 .net "alu_op", 2 0, v02A46030_0; 1 drivers
v02A8ACB0_0 .net "alu_out", 7 0, v02A465B0_0; 1 drivers
v02A8AFC8_0 .net "clk", 0 0, v02A8B108_0; 1 drivers
v02A8AD08_0 .net "instr", 7 0, L_02A518F0; 1 drivers
v02A8AD60_0 .net "ir", 7 0, v02A8AA48_0; 1 drivers
v02A8ABA8_0 .net "ir_en", 0 0, v02A46450_0; 1 drivers
v02A8AEC0_0 .net "mem_rd", 7 0, C4<zzzzzzzz>; 0 drivers
v02A8AC00_0 .net "mem_we", 0 0, v02A46710_0; 1 drivers
v02A8ADB8_0 .net "opcode", 2 0, L_02A8B840; 1 drivers
v02A8AC58_0 .net "pc_en", 0 0, v02A46298_0; 1 drivers
v02A8BA50_0 .net "pc_next", 7 0, L_02A8B9F8; 1 drivers
v02A8B8F0_0 .net "pc_out", 7 0, v02A8A6D8_0; 1 drivers
v02A8B3C8_0 .net "rd", 2 0, L_02A8B528; 1 drivers
v02A8B6E0_0 .net "rd_data", 7 0, L_02A517D8; 1 drivers
v02A8B420_0 .net "reg_we", 0 0, v02A45FD8_0; 1 drivers
v02A8B948_0 .net "reset", 0 0, v02A8B7E8_0; 1 drivers
v02A8B268_0 .net "rs", 2 0, L_02A8B318; 1 drivers
v02A8B630_0 .net "rs_data", 7 0, L_02A515E0; 1 drivers
v02A8B688_0 .net "state", 1 0, v02A46660_0; 1 drivers
v02A8B2C0_0 .net "wb_data", 7 0, L_02A8B478; 1 drivers
v02A8B1B8_0 .net "zero", 0 0, L_02A8B058; 1 drivers
L_02A8B840 .part v02A8AA48_0, 5, 3;
L_02A8B528 .part v02A8AA48_0, 2, 3;
L_02A8B580 .part v02A8AA48_0, 0, 2;
L_02A8B318 .concat [ 2 1 0 0], L_02A8B580, C4<0>;
L_02A8B898 .cmp/eq 3, L_02A8B840, C4<100>;
L_02A8B478 .functor MUXZ 8, v02A465B0_0, C4<zzzzzzzz>, L_02A8B898, C4<>;
L_02A8B738 .cmp/eq 2, v02A46660_0, C4<00>;
L_02A8B9A0 .cmp/eq 3, L_02A8B840, C4<110>;
L_02A8B160 .part v02A8AA48_0, 0, 2;
L_02A8B790 .concat [ 2 6 0 0], L_02A8B160, C4<000000>;
L_02A8B4D0 .arith/sum 8, v02A8A6D8_0, C4<00000001>;
L_02A8B9F8 .functor MUXZ 8, L_02A8B4D0, L_02A8B790, L_02A5A800, C4<>;
S_02A43560 .scope module, "PC" "pc" 3 57, 4 1, S_02A422C8;
 .timescale 0 0;
v02A8A310_0 .alias "clk", 0 0, v02A8AFC8_0;
v02A8A6D8_0 .var "pc", 7 0;
v02A8A368_0 .alias "pc_en", 0 0, v02A8AC58_0;
v02A8A730_0 .alias "pc_next", 7 0, v02A8BA50_0;
v02A8A788_0 .alias "reset", 0 0, v02A8B948_0;
S_02A43EF0 .scope module, "IM" "instr_mem" 3 66, 5 1, S_02A422C8;
 .timescale 0 0;
L_02A518F0 .functor BUFZ 8, L_02A8B5D8, C4<00000000>, C4<00000000>, C4<00000000>;
v02A8A158_0 .net *"_s0", 7 0, L_02A8B5D8; 1 drivers
v02A8A208_0 .alias "addr", 7 0, v02A8B8F0_0;
v02A8A100_0 .alias "instr", 7 0, v02A8AD08_0;
v02A8A2B8 .array "mem", 255 0, 7 0;
L_02A8B5D8 .array/port v02A8A2B8, v02A8A6D8_0;
S_02A43AB0 .scope module, "IR" "instr_reg" 3 72, 6 1, S_02A422C8;
 .timescale 0 0;
v02A8A260_0 .alias "clk", 0 0, v02A8AFC8_0;
v02A8AA48_0 .var "instr", 7 0;
v02A8A0A8_0 .alias "instr_in", 7 0, v02A8AD08_0;
v02A8A680_0 .alias "ir_en", 0 0, v02A8ABA8_0;
S_02A43918 .scope module, "RF" "reg_file" 3 80, 7 1, S_02A422C8;
 .timescale 0 0;
L_02A517D8 .functor BUFZ 8, L_02A8BAA8, C4<00000000>, C4<00000000>, C4<00000000>;
L_02A515E0 .functor BUFZ 8, L_02A8BB00, C4<00000000>, C4<00000000>, C4<00000000>;
v02A46138_0 .net *"_s0", 7 0, L_02A8BAA8; 1 drivers
v02A461E8_0 .net *"_s4", 7 0, L_02A8BB00; 1 drivers
v02A8A1B0_0 .alias "clk", 0 0, v02A8AFC8_0;
v02A8AAA0_0 .var/i "i", 31 0;
v02A8A9F0_0 .alias "rd", 2 0, v02A8B3C8_0;
v02A8A520_0 .alias "rd_data", 7 0, v02A8B6E0_0;
v02A8A998 .array "regs", 7 0, 7 0;
v02A8A418_0 .alias "rs", 2 0, v02A8B268_0;
v02A8A838_0 .alias "rs_data", 7 0, v02A8B630_0;
v02A8AAF8_0 .alias "wd", 7 0, v02A8B2C0_0;
v02A8A050_0 .alias "we", 0 0, v02A8B420_0;
E_02A44F30 .event posedge, v02A46348_0;
L_02A8BAA8 .array/port v02A8A998, L_02A8B528;
L_02A8BB00 .array/port v02A8A998, L_02A8B318;
S_02A43890 .scope module, "ALU" "alu" 3 91, 8 1, S_02A422C8;
 .timescale 0 0;
v02A464A8_0 .net *"_s0", 7 0, C4<00000000>; 1 drivers
v02A460E0_0 .alias "a", 7 0, v02A8B6E0_0;
v02A46088_0 .alias "alu_op", 2 0, v02A8AE10_0;
v02A46500_0 .alias "b", 7 0, v02A8B630_0;
v02A465B0_0 .var "result", 7 0;
v02A466B8_0 .alias "zero", 0 0, v02A8B1B8_0;
E_02A44FD0 .event edge, v02A46030_0, v02A460E0_0, v02A46500_0;
L_02A8B058 .cmp/eq 8, v02A465B0_0, C4<00000000>;
S_02A42350 .scope module, "CU" "control_unit" 3 100, 9 1, S_02A422C8;
 .timescale 0 0;
P_02A45EA4 .param/l "DECODE" 9 17, C4<01>;
P_02A45EB8 .param/l "EXEC" 9 18, C4<10>;
P_02A45ECC .param/l "FETCH" 9 16, C4<00>;
P_02A45EE0 .param/l "WB" 9 19, C4<11>;
v02A46030_0 .var "alu_op", 2 0;
v02A46348_0 .alias "clk", 0 0, v02A8AFC8_0;
v02A46450_0 .var "ir_en", 0 0;
v02A46710_0 .var "mem_we", 0 0;
v02A46558_0 .alias "opcode", 2 0, v02A8ADB8_0;
v02A46298_0 .var "pc_en", 0 0;
v02A45FD8_0 .var "reg_we", 0 0;
v02A462F0_0 .alias "reset", 0 0, v02A8B948_0;
v02A46660_0 .var "state", 1 0;
v02A463F8_0 .alias "zero", 0 0, v02A8B1B8_0;
E_02A45190 .event edge, v02A46660_0, v02A46558_0;
E_02A45070 .event posedge, v02A462F0_0, v02A46348_0;
    .scope S_02A43560;
T_0 ;
    %wait E_02A45070;
    %load/v 8, v02A8A788_0, 1;
    %jmp/0xz  T_0.0, 8;
    %ix/load 0, 8, 0;
    %assign/v0 v02A8A6D8_0, 0, 0;
    %jmp T_0.1;
T_0.0 ;
    %load/v 8, v02A8A368_0, 1;
    %jmp/0xz  T_0.2, 8;
    %load/v 8, v02A8A730_0, 8;
    %ix/load 0, 8, 0;
    %assign/v0 v02A8A6D8_0, 0, 8;
T_0.2 ;
T_0.1 ;
    %jmp T_0;
    .thread T_0;
    .scope S_02A43EF0;
T_1 ;
    %movi 8, 5, 8;
   %ix/load 1, 0, 0;
   %ix/load 3, 0, 0;
   %set/av v02A8A2B8, 8, 8;
    %movi 8, 164, 8;
   %ix/load 1, 0, 0;
   %ix/load 3, 1, 0;
   %set/av v02A8A2B8, 8, 8;
    %movi 8, 136, 8;
   %ix/load 1, 0, 0;
   %ix/load 3, 2, 0;
   %set/av v02A8A2B8, 8, 8;
    %movi 8, 192, 8;
   %ix/load 1, 0, 0;
   %ix/load 3, 3, 0;
   %set/av v02A8A2B8, 8, 8;
    %end;
    .thread T_1;
    .scope S_02A43AB0;
T_2 ;
    %wait E_02A44F30;
    %load/v 8, v02A8A680_0, 1;
    %jmp/0xz  T_2.0, 8;
    %load/v 8, v02A8A0A8_0, 8;
    %ix/load 0, 8, 0;
    %assign/v0 v02A8AA48_0, 0, 8;
T_2.0 ;
    %jmp T_2;
    .thread T_2;
    .scope S_02A43918;
T_3 ;
    %set/v v02A8AAA0_0, 0, 32;
T_3.0 ;
    %load/v 8, v02A8AAA0_0, 32;
   %cmpi/s 8, 8, 32;
    %jmp/0xz T_3.1, 5;
    %ix/getv/s 3, v02A8AAA0_0;
   %jmp/1 t_0, 4;
   %ix/load 1, 0, 0;
   %set/av v02A8A998, 0, 8;
t_0 ;
    %ix/load 0, 1, 0;
    %load/vp0/s 8, v02A8AAA0_0, 32;
    %set/v v02A8AAA0_0, 8, 32;
    %jmp T_3.0;
T_3.1 ;
    %movi 8, 1, 8;
   %ix/load 1, 0, 0;
   %ix/load 3, 1, 0;
   %set/av v02A8A998, 8, 8;
    %end;
    .thread T_3;
    .scope S_02A43918;
T_4 ;
    %wait E_02A44F30;
    %load/v 8, v02A8A050_0, 1;
    %jmp/0xz  T_4.0, 8;
    %load/v 8, v02A8AAF8_0, 8;
    %ix/getv 3, v02A8A9F0_0;
    %jmp/1 t_1, 4;
    %ix/load 0, 8, 0; word width
    %ix/load 1, 0, 0; part off
    %assign/av v02A8A998, 0, 8;
t_1 ;
T_4.0 ;
    %jmp T_4;
    .thread T_4;
    .scope S_02A43890;
T_5 ;
    %wait E_02A44FD0;
    %load/v 8, v02A46088_0, 3;
    %cmpi/u 8, 0, 3;
    %jmp/1 T_5.0, 6;
    %cmpi/u 8, 1, 3;
    %jmp/1 T_5.1, 6;
    %cmpi/u 8, 2, 3;
    %jmp/1 T_5.2, 6;
    %cmpi/u 8, 3, 3;
    %jmp/1 T_5.3, 6;
    %set/v v02A465B0_0, 0, 8;
    %jmp T_5.5;
T_5.0 ;
    %load/v 8, v02A460E0_0, 8;
    %load/v 16, v02A46500_0, 8;
    %add 8, 16, 8;
    %set/v v02A465B0_0, 8, 8;
    %jmp T_5.5;
T_5.1 ;
    %load/v 8, v02A460E0_0, 8;
    %load/v 16, v02A46500_0, 8;
    %sub 8, 16, 8;
    %set/v v02A465B0_0, 8, 8;
    %jmp T_5.5;
T_5.2 ;
    %load/v 8, v02A460E0_0, 8;
    %load/v 16, v02A46500_0, 8;
    %and 8, 16, 8;
    %set/v v02A465B0_0, 8, 8;
    %jmp T_5.5;
T_5.3 ;
    %load/v 8, v02A460E0_0, 8;
    %load/v 16, v02A46500_0, 8;
    %or 8, 16, 8;
    %set/v v02A465B0_0, 8, 8;
    %jmp T_5.5;
T_5.5 ;
    %jmp T_5;
    .thread T_5, $push;
    .scope S_02A42350;
T_6 ;
    %wait E_02A45070;
    %load/v 8, v02A462F0_0, 1;
    %jmp/0xz  T_6.0, 8;
    %ix/load 0, 2, 0;
    %assign/v0 v02A46660_0, 0, 0;
    %jmp T_6.1;
T_6.0 ;
    %load/v 8, v02A46660_0, 2;
    %cmpi/u 8, 0, 2;
    %jmp/1 T_6.2, 6;
    %cmpi/u 8, 1, 2;
    %jmp/1 T_6.3, 6;
    %cmpi/u 8, 2, 2;
    %jmp/1 T_6.4, 6;
    %cmpi/u 8, 3, 2;
    %jmp/1 T_6.5, 6;
    %ix/load 0, 2, 0;
    %assign/v0 v02A46660_0, 0, 0;
    %jmp T_6.7;
T_6.2 ;
    %movi 8, 1, 2;
    %ix/load 0, 2, 0;
    %assign/v0 v02A46660_0, 0, 8;
    %jmp T_6.7;
T_6.3 ;
    %movi 8, 2, 2;
    %ix/load 0, 2, 0;
    %assign/v0 v02A46660_0, 0, 8;
    %jmp T_6.7;
T_6.4 ;
    %ix/load 0, 2, 0;
    %assign/v0 v02A46660_0, 0, 1;
    %jmp T_6.7;
T_6.5 ;
    %ix/load 0, 2, 0;
    %assign/v0 v02A46660_0, 0, 0;
    %jmp T_6.7;
T_6.7 ;
T_6.1 ;
    %jmp T_6;
    .thread T_6;
    .scope S_02A42350;
T_7 ;
    %wait E_02A45190;
    %set/v v02A46298_0, 0, 1;
    %set/v v02A46450_0, 0, 1;
    %set/v v02A45FD8_0, 0, 1;
    %set/v v02A46710_0, 0, 1;
    %set/v v02A46030_0, 0, 3;
    %load/v 8, v02A46660_0, 2;
    %cmpi/u 8, 0, 2;
    %jmp/1 T_7.0, 6;
    %cmpi/u 8, 2, 2;
    %jmp/1 T_7.1, 6;
    %cmpi/u 8, 3, 2;
    %jmp/1 T_7.2, 6;
    %jmp T_7.4;
T_7.0 ;
    %set/v v02A46298_0, 1, 1;
    %set/v v02A46450_0, 1, 1;
    %jmp T_7.4;
T_7.1 ;
    %load/v 8, v02A46558_0, 3;
    %cmpi/u 8, 0, 3;
    %jmp/1 T_7.5, 6;
    %cmpi/u 8, 1, 3;
    %jmp/1 T_7.6, 6;
    %cmpi/u 8, 2, 3;
    %jmp/1 T_7.7, 6;
    %cmpi/u 8, 3, 3;
    %jmp/1 T_7.8, 6;
    %cmpi/u 8, 5, 3;
    %jmp/1 T_7.9, 6;
    %jmp T_7.11;
T_7.5 ;
    %load/v 8, v02A46558_0, 3;
    %set/v v02A46030_0, 8, 3;
    %jmp T_7.11;
T_7.6 ;
    %load/v 8, v02A46558_0, 3;
    %set/v v02A46030_0, 8, 3;
    %jmp T_7.11;
T_7.7 ;
    %load/v 8, v02A46558_0, 3;
    %set/v v02A46030_0, 8, 3;
    %jmp T_7.11;
T_7.8 ;
    %load/v 8, v02A46558_0, 3;
    %set/v v02A46030_0, 8, 3;
    %jmp T_7.11;
T_7.9 ;
    %set/v v02A46710_0, 1, 1;
    %jmp T_7.11;
T_7.11 ;
    %jmp T_7.4;
T_7.2 ;
    %load/v 8, v02A46558_0, 3;
    %cmpi/u 8, 0, 3;
    %jmp/1 T_7.12, 6;
    %cmpi/u 8, 1, 3;
    %jmp/1 T_7.13, 6;
    %cmpi/u 8, 2, 3;
    %jmp/1 T_7.14, 6;
    %cmpi/u 8, 3, 3;
    %jmp/1 T_7.15, 6;
    %cmpi/u 8, 4, 3;
    %jmp/1 T_7.16, 6;
    %jmp T_7.18;
T_7.12 ;
    %set/v v02A45FD8_0, 1, 1;
    %jmp T_7.18;
T_7.13 ;
    %set/v v02A45FD8_0, 1, 1;
    %jmp T_7.18;
T_7.14 ;
    %set/v v02A45FD8_0, 1, 1;
    %jmp T_7.18;
T_7.15 ;
    %set/v v02A45FD8_0, 1, 1;
    %jmp T_7.18;
T_7.16 ;
    %set/v v02A45FD8_0, 1, 1;
    %jmp T_7.18;
T_7.18 ;
    %jmp T_7.4;
T_7.4 ;
    %jmp T_7;
    .thread T_7, $push;
    .scope S_02A42240;
T_8 ;
    %set/v v02A8B108_0, 0, 1;
    %end;
    .thread T_8;
    .scope S_02A42240;
T_9 ;
    %set/v v02A8B7E8_0, 1, 1;
    %end;
    .thread T_9;
    .scope S_02A42240;
T_10 ;
    %delay 5, 0;
    %load/v 8, v02A8B108_0, 1;
    %inv 8, 1;
    %set/v v02A8B108_0, 8, 1;
    %jmp T_10;
    .thread T_10;
    .scope S_02A42240;
T_11 ;
    %vpi_call 2 16 "$dumpfile", "cpu.vcd";
    %vpi_call 2 17 "$dumpvars", 1'sb0, S_02A42240;
    %end;
    .thread T_11;
    .scope S_02A42240;
T_12 ;
    %delay 10, 0;
    %set/v v02A8B7E8_0, 0, 1;
    %delay 300, 0;
    %vpi_call 2 23 "$finish";
    %end;
    .thread T_12;
# The file index is used to find the file name in the following table.
:file_names 10;
    "N/A";
    "<interactive>";
    "cpu_tb.v";
    "cpu_top.v";
    "pc.v";
    "instrt_mem.v";
    "instr_reg.v";
    "reg_file.v";
    "alu.v";
    "control_unit.v";
